#
# A fatal error has been detected by the Java Runtime Environment:
#
#  EXCEPTION_ACCESS_VIOLATION (0xc0000005) at pc=0x0000000053f0ea84, pid=4460, tid=17596
#
# JRE version: Java(TM) SE Runtime Environment (10.0.2+13) (build 10.0.2+13)
# Java VM: Java HotSpot(TM) 64-Bit Server VM (10.0.2+13, mixed mode, tiered, compressed oops, g1 gc, windows-amd64)
# Problematic frame:
# V  [jvm.dll+0x22ea84]
#
# No core dump will be written. Minidumps are not enabled by default on client versions of Windows
#
# If you would like to submit a bug report, please visit:
#   http://bugreport.java.com/bugreport/crash.jsp
#

---------------  S U M M A R Y ------------

Command Line: -agentlib:jdwp=transport=dt_socket,suspend=y,address=localhost:58589 -javaagent:C:\Users\ISHUHOME\java-2018-092\eclipse\configuration\org.eclipse.osgi\237\0\.cp\lib\javaagent-shaded.jar -Dfile.encoding=Cp1252 assignment_4.Program

Host: Intel(R) Core(TM) i5-4200M CPU @ 2.50GHz, 4 cores, 11G,  Windows 10 , 64 bit Build 17134 (10.0.17134.1)
Time: Sun Oct 28 18:40:07 2018 Eastern Daylight Time elapsed time: 1238 seconds (0d 0h 20m 38s)

---------------  T H R E A D  ---------------

Current thread (0x000001b4ffc2b000):  VMThread "VM Thread" [stack: 0x000000472ae00000,0x000000472af00000] [id=17596]

Stack: [0x000000472ae00000,0x000000472af00000],  sp=0x000000472aefe5d8,  free space=1017k
Native frames: (J=compiled Java code, j=interpreted, Vv=VM code, C=native code)
V  [jvm.dll+0x22ea84]


siginfo: EXCEPTION_ACCESS_VIOLATION (0xc0000005), reading address 0x000001b4946d2978


Register to memory mapping:

RIP=0x0000000053f0ea84 jvm.dll
RAX=0x00000000000563c0 is an unknown value
RBX=0x0000000000000000 is an unknown value
RCX=0x000001b49467c5b8 is pointing into metadata
RDX=0x0000000000002b1d is an unknown value
RSP=0x000000472aefe5d8 is an unknown value
RBP=0x000000472aefeb30 is an unknown value
RSI=0x000000472aefecb0 is an unknown value
RDI=0x000000472aefecb0 is an unknown value
R8 =0x0000000000000000 is an unknown value
R9 =0x000001b49467bfd8 is pointing into metadata
R10=0x000001b49467bfd8 is pointing into metadata
R11=0x00000007c00b1480 is pointing into metadata
R12=0x000000005445d601 jvm.dll
R13=0x0000000000000000 is an unknown value
R14=0x0000000000000004 is an unknown value
R15=0x00000000000000a0 is an unknown value


Registers:
RAX=0x00000000000563c0, RBX=0x0000000000000000, RCX=0x000001b49467c5b8, RDX=0x0000000000002b1d
RSP=0x000000472aefe5d8, RBP=0x000000472aefeb30, RSI=0x000000472aefecb0, RDI=0x000000472aefecb0
R8 =0x0000000000000000, R9 =0x000001b49467bfd8, R10=0x000001b49467bfd8, R11=0x00000007c00b1480
R12=0x000000005445d601, R13=0x0000000000000000, R14=0x0000000000000004, R15=0x00000000000000a0
RIP=0x0000000053f0ea84, EFLAGS=0x0000000000010206

Top of Stack: (sp=0x000000472aefe5d8)
0x000000472aefe5d8:   0000000053ffdcc0 0000000000000001
0x000000472aefe5e8:   000000472aefecb0 000000472aefe650
0x000000472aefe5f8:   0000000000000000 0000000000000000
0x000000472aefe608:   0000000000000000 00000000544a8488
0x000000472aefe618:   000001b49492a0a0 0000000000000044
0x000000472aefe628:   000000470000000a 000000472aefe650
0x000000472aefe638:   0000000000000002 000000002fffffff
0x000000472aefe648:   0000000000000000 4fffffff4fffffff
0x000000472aefe658:   000001b4ffaf3b98 0000000000000002
0x000000472aefe668:   0000000000000004 000000472aefe690
0x000000472aefe678:   0000000000000001 000000002fffffff
0x000000472aefe688:   0000000000000000 000000004fffffff
0x000000472aefe698:   0000000000000000 000000472aefecb0
0x000000472aefe6a8:   00000000542fd7ac 000000472aefe710
0x000000472aefe6b8:   0000000000000000 0000000000000000
0x000000472aefe6c8:   0000000000000000 000000472aefecb0 

Instructions: (pc=0x0000000053f0ea84)
0x0000000053f0ea64:   15 f7 d2 48 63 c2 48 ff c0 48 c1 e0 05 48 8b 04
0x0000000053f0ea74:   08 0f b7 c0 eb 14 48 63 c2 48 ff c0 48 c1 e0 05
0x0000000053f0ea84:   48 8b 04 08 0f b7 d0 48 63 c2 41 0f b7 4c c1 42
0x0000000053f0ea94:   48 63 c1 41 0f b7 44 c1 42 49 8b 44 c1 40 c3 49 


VM_Operation (0x000000472b7ff2d0): GetOrSetLocal, mode: safepoint, requested by thread 0x000001b494a03000


---------------  P R O C E S S  ---------------

Threads class SMR info:
_java_thread_list=0x000001b4949e8630, length=14, elements={
0x000001b4f1db7000, 0x000001b4ffc2e000, 0x000001b4ffc3c000, 0x000001b4ffc3e800,
0x000001b4ffc49000, 0x000001b4ffc4c000, 0x000001b4ffcac800, 0x000001b4ffcae800,
0x000001b4ffcb3000, 0x000001b494a03000, 0x000001b49499d000, 0x000001b4fff32000,
0x000001b4fff39000, 0x000001b4949f1800
}

Java Threads: ( => current thread )
  0x000001b4f1db7000 JavaThread "main" [_thread_blocked, id=12076, stack(0x000000472a200000,0x000000472a300000)]
  0x000001b4ffc2e000 JavaThread "Reference Handler" daemon [_thread_blocked, id=14364, stack(0x000000472af00000,0x000000472b000000)]
  0x000001b4ffc3c000 JavaThread "Finalizer" daemon [_thread_blocked, id=31908, stack(0x000000472b000000,0x000000472b100000)]
  0x000001b4ffc3e800 JavaThread "Signal Dispatcher" daemon [_thread_blocked, id=11336, stack(0x000000472b100000,0x000000472b200000)]
  0x000001b4ffc49000 JavaThread "Attach Listener" daemon [_thread_blocked, id=17860, stack(0x000000472b200000,0x000000472b300000)]
  0x000001b4ffc4c000 JavaThread "C2 CompilerThread0" daemon [_thread_blocked, id=15096, stack(0x000000472b300000,0x000000472b400000)]
  0x000001b4ffcac800 JavaThread "C2 CompilerThread1" daemon [_thread_blocked, id=27000, stack(0x000000472b400000,0x000000472b500000)]
  0x000001b4ffcae800 JavaThread "C1 CompilerThread2" daemon [_thread_blocked, id=28876, stack(0x000000472b500000,0x000000472b600000)]
  0x000001b4ffcb3000 JavaThread "Sweeper thread" daemon [_thread_blocked, id=12524, stack(0x000000472b600000,0x000000472b700000)]
  0x000001b494a03000 JavaThread "JDWP Transport Listener: dt_socket" daemon [_thread_blocked, id=22188, stack(0x000000472b700000,0x000000472b800000)] _threads_hazard_ptr=0x000001b4949e8630
  0x000001b49499d000 JavaThread "JDWP Event Helper Thread" daemon [_thread_blocked, id=26440, stack(0x000000472b800000,0x000000472b900000)]
  0x000001b4fff32000 JavaThread "JDWP Command Reader" daemon [_thread_in_native, id=5952, stack(0x000000472b900000,0x000000472ba00000)]
  0x000001b4fff39000 JavaThread "Common-Cleaner" daemon [_thread_blocked, id=20992, stack(0x000000472ba00000,0x000000472bb00000)]
  0x000001b4949f1800 JavaThread "Service Thread" daemon [_thread_blocked, id=28128, stack(0x000000472bb00000,0x000000472bc00000)]

Other Threads:
=>0x000001b4ffc2b000 VMThread "VM Thread" [stack: 0x000000472ae00000,0x000000472af00000] [id=17596]
  0x000001b494990800 WatcherThread [stack: 0x000000472bc00000,0x000000472bd00000] [id=1592]
  0x000001b4f1dce000 GCTaskThread "GC Thread#0" [stack: 0x000000472a300000,0x000000472a400000] [id=18696]
  0x000001b4f1dcf000 GCTaskThread "GC Thread#1" [stack: 0x000000472a400000,0x000000472a500000] [id=30516]
  0x000001b4f1dd1800 GCTaskThread "GC Thread#2" [stack: 0x000000472a500000,0x000000472a600000] [id=5924]
  0x000001b4f1dd3000 GCTaskThread "GC Thread#3" [stack: 0x000000472a600000,0x000000472a700000] [id=12096]
  0x000001b4f1e78800 ConcurrentGCThread "G1 Main Marker" [stack: 0x000000472a700000,0x000000472a800000] [id=3012]
  0x000001b4f1e79800 ConcurrentGCThread "G1 Conc#0" [stack: 0x000000472a800000,0x000000472a900000] [id=25076]
  0x000001b4ffaab800 ConcurrentGCThread "G1 Refine#0" [stack: 0x000000472a900000,0x000000472aa00000] [id=17044]
  0x000001b4ffaac800 ConcurrentGCThread "G1 Refine#1" [stack: 0x000000472aa00000,0x000000472ab00000] [id=16568]
  0x000001b4ffaaf000 ConcurrentGCThread "G1 Refine#2" [stack: 0x000000472ab00000,0x000000472ac00000] [id=21664]
  0x000001b4ffab3000 ConcurrentGCThread "G1 Refine#3" [stack: 0x000000472ac00000,0x000000472ad00000] [id=30848]
  0x000001b4ffab5800 ConcurrentGCThread "G1 Young RemSet Sampling" [stack: 0x000000472ad00000,0x000000472ae00000] [id=17924]

Threads with active compile tasks:

VM state:at safepoint (normal execution)

VM Mutex/Monitor currently owned by a thread:  ([mutex/lock_event])
[0x000001b4f1db4bf0] Threads_lock - owner thread: 0x000001b4ffc2b000

Heap address: 0x0000000701400000, size: 3052 MB, Compressed Oops mode: Zero based, Oop shift amount: 3
Narrow klass base: 0x0000000000000000, Narrow klass shift: 3
Compressed class space size: 1073741824 Address: 0x00000007c0000000

Heap:
 garbage-first heap   total 196608K, used 5120K [0x0000000701400000, 0x00000007c0000000)
  region size 1024K, 6 young (6144K), 0 survivors (0K)
 Metaspace       used 7642K, capacity 7751K, committed 7936K, reserved 1056768K
  class space    used 695K, capacity 731K, committed 768K, reserved 1048576K
Heap Regions: E=young(eden), S=young(survivor), O=old, HS=humongous(starts), HC=humongous(continues), CS=collection set, F=free, A=archive, TS=gc time stamp, AC=allocation context, TAMS=top-at-mark-start (previous, next)
|   0|0x0000000701400000, 0x0000000701400000, 0x0000000701500000|  0%| F|  |TS  0|AC  0|TAMS 0x0000000701400000, 0x0000000701400000|
|   1|0x0000000701500000, 0x0000000701500000, 0x0000000701600000|  0%| F|  |TS  0|AC  0|TAMS 0x0000000701500000, 0x0000000701500000|
|   2|0x0000000701600000, 0x0000000701600000, 0x0000000701700000|  0%| F|  |TS  0|AC  0|TAMS 0x0000000701600000, 0x0000000701600000|
|   3|0x0000000701700000, 0x0000000701700000, 0x0000000701800000|  0%| F|  |TS  0|AC  0|TAMS 0x0000000701700000, 0x0000000701700000|
|   4|0x0000000701800000, 0x0000000701800000, 0x0000000701900000|  0%| F|  |TS  0|AC  0|TAMS 0x0000000701800000, 0x0000000701800000|
|   5|0x0000000701900000, 0x0000000701900000, 0x0000000701a00000|  0%| F|  |TS  0|AC  0|TAMS 0x0000000701900000, 0x0000000701900000|
|   6|0x0000000701a00000, 0x0000000701a00000, 0x0000000701b00000|  0%| F|  |TS  0|AC  0|TAMS 0x0000000701a00000, 0x0000000701a00000|
|   7|0x0000000701b00000, 0x0000000701b00000, 0x0000000701c00000|  0%| F|  |TS  0|AC  0|TAMS 0x0000000701b00000, 0x0000000701b00000|
|   8|0x0000000701c00000, 0x0000000701c00000, 0x0000000701d00000|  0%| F|  |TS  0|AC  0|TAMS 0x0000000701c00000, 0x0000000701c00000|
|   9|0x0000000701d00000, 0x0000000701d00000, 0x0000000701e00000|  0%| F|  |TS  0|AC  0|TAMS 0x0000000701d00000, 0x0000000701d00000|
|  10|0x0000000701e00000, 0x0000000701e00000, 0x0000000701f00000|  0%| F|  |TS  0|AC  0|TAMS 0x0000000701e00000, 0x0000000701e00000|
|  11|0x0000000701f00000, 0x0000000701f00000, 0x0000000702000000|  0%| F|  |TS  0|AC  0|TAMS 0x0000000701f00000, 0x0000000701f00000|
|  12|0x0000000702000000, 0x0000000702000000, 0x0000000702100000|  0%| F|  |TS  0|AC  0|TAMS 0x0000000702000000, 0x0000000702000000|
|  13|0x0000000702100000, 0x0000000702100000, 0x0000000702200000|  0%| F|  |TS  0|AC  0|TAMS 0x0000000702100000, 0x0000000702100000|
|  14|0x0000000702200000, 0x0000000702200000, 0x0000000702300000|  0%| F|  |TS  0|AC  0|TAMS 0x0000000702200000, 0x0000000702200000|
|  15|0x0000000702300000, 0x0000000702300000, 0x0000000702400000|  0%| F|  |TS  0|AC  0|TAMS 0x0000000702300000, 0x0000000702300000|
|  16|0x0000000702400000, 0x0000000702400000, 0x0000000702500000|  0%| F|  |TS  0|AC  0|TAMS 0x0000000702400000, 0x0000000702400000|
|  17|0x0000000702500000, 0x0000000702500000, 0x0000000702600000|  0%| F|  |TS  0|AC  0|TAMS 0x0000000702500000, 0x0000000702500000|
|  18|0x0000000702600000, 0x0000000702600000, 0x0000000702700000|  0%| F|  |TS  0|AC  0|TAMS 0x0000000702600000, 0x0000000702600000|
|  19|0x0000000702700000, 0x0000000702700000, 0x0000000702800000|  0%| F|  |TS  0|AC  0|TAMS 0x0000000702700000, 0x0000000702700000|
|  20|0x0000000702800000, 0x0000000702800000, 0x0000000702900000|  0%| F|  |TS  0|AC  0|TAMS 0x0000000702800000, 0x0000000702800000|
|  21|0x0000000702900000, 0x0000000702900000, 0x0000000702a00000|  0%| F|  |TS  0|AC  0|TAMS 0x0000000702900000, 0x0000000702900000|
|  22|0x0000000702a00000, 0x0000000702a00000, 0x0000000702b00000|  0%| F|  |TS  0|AC  0|TAMS 0x0000000702a00000, 0x0000000702a00000|
|  23|0x0000000702b00000, 0x0000000702b00000, 0x0000000702c00000|  0%| F|  |TS  0|AC  0|TAMS 0x0000000702b00000, 0x0000000702b00000|
|  24|0x0000000702c00000, 0x0000000702c00000, 0x0000000702d00000|  0%| F|  |TS  0|AC  0|TAMS 0x0000000702c00000, 0x0000000702c00000|
|  25|0x0000000702d00000, 0x0000000702d00000, 0x0000000702e00000|  0%| F|  |TS  0|AC  0|TAMS 0x0000000702d00000, 0x0000000702d00000|
|  26|0x0000000702e00000, 0x0000000702e00000, 0x0000000702f00000|  0%| F|  |TS  0|AC  0|TAMS 0x0000000702e00000, 0x0000000702e00000|
|  27|0x0000000702f00000, 0x0000000702f00000, 0x0000000703000000|  0%| F|  |TS  0|AC  0|TAMS 0x0000000702f00000, 0x0000000702f00000|
|  28|0x0000000703000000, 0x0000000703000000, 0x0000000703100000|  0%| F|  |TS  0|AC  0|TAMS 0x0000000703000000, 0x0000000703000000|
|  29|0x0000000703100000, 0x0000000703100000, 0x0000000703200000|  0%| F|  |TS  0|AC  0|TAMS 0x0000000703100000, 0x0000000703100000|
|  30|0x0000000703200000, 0x0000000703200000, 0x0000000703300000|  0%| F|  |TS  0|AC  0|TAMS 0x0000000703200000, 0x0000000703200000|
|  31|0x0000000703300000, 0x0000000703300000, 0x0000000703400000|  0%| F|  |TS  0|AC  0|TAMS 0x0000000703300000, 0x0000000703300000|
|  32|0x0000000703400000, 0x0000000703400000, 0x0000000703500000|  0%| F|  |TS  0|AC  0|TAMS 0x0000000703400000, 0x0000000703400000|
|  33|0x0000000703500000, 0x0000000703500000, 0x0000000703600000|  0%| F|  |TS  0|AC  0|TAMS 0x0000000703500000, 0x0000000703500000|
|  34|0x0000000703600000, 0x0000000703600000, 0x0000000703700000|  0%| F|  |TS  0|AC  0|TAMS 0x0000000703600000, 0x0000000703600000|
|  35|0x0000000703700000, 0x0000000703700000, 0x0000000703800000|  0%| F|  |TS  0|AC  0|TAMS 0x0000000703700000, 0x0000000703700000|
|  36|0x0000000703800000, 0x0000000703800000, 0x0000000703900000|  0%| F|  |TS  0|AC  0|TAMS 0x0000000703800000, 0x0000000703800000|
|  37|0x0000000703900000, 0x0000000703900000, 0x0000000703a00000|  0%| F|  |TS  0|AC  0|TAMS 0x0000000703900000, 0x0000000703900000|
|  38|0x0000000703a00000, 0x0000000703a00000, 0x0000000703b00000|  0%| F|  |TS  0|AC  0|TAMS 0x0000000703a00000, 0x0000000703a00000|
|  39|0x0000000703b00000, 0x0000000703b00000, 0x0000000703c00000|  0%| F|  |TS  0|AC  0|TAMS 0x0000000703b00000, 0x0000000703b00000|
|  40|0x0000000703c00000, 0x0000000703c00000, 0x0000000703d00000|  0%| F|  |TS  0|AC  0|TAMS 0x0000000703c00000, 0x0000000703c00000|
|  41|0x0000000703d00000, 0x0000000703d00000, 0x0000000703e00000|  0%| F|  |TS  0|AC  0|TAMS 0x0000000703d00000, 0x0000000703d00000|
|  42|0x0000000703e00000, 0x0000000703e00000, 0x0000000703f00000|  0%| F|  |TS  0|AC  0|TAMS 0x0000000703e00000, 0x0000000703e00000|
|  43|0x0000000703f00000, 0x0000000703f00000, 0x0000000704000000|  0%| F|  |TS  0|AC  0|TAMS 0x0000000703f00000, 0x0000000703f00000|
|  44|0x0000000704000000, 0x0000000704000000, 0x0000000704100000|  0%| F|  |TS  0|AC  0|TAMS 0x0000000704000000, 0x0000000704000000|
|  45|0x0000000704100000, 0x0000000704100000, 0x0000000704200000|  0%| F|  |TS  0|AC  0|TAMS 0x0000000704100000, 0x0000000704100000|
|  46|0x0000000704200000, 0x0000000704200000, 0x0000000704300000|  0%| F|  |TS  0|AC  0|TAMS 0x0000000704200000, 0x0000000704200000|
|  47|0x0000000704300000, 0x0000000704300000, 0x0000000704400000|  0%| F|  |TS  0|AC  0|TAMS 0x0000000704300000, 0x0000000704300000|
|  48|0x0000000704400000, 0x0000000704400000, 0x0000000704500000|  0%| F|  |TS  0|AC  0|TAMS 0x0000000704400000, 0x0000000704400000|
|  49|0x0000000704500000, 0x0000000704500000, 0x0000000704600000|  0%| F|  |TS  0|AC  0|TAMS 0x0000000704500000, 0x0000000704500000|
|  50|0x0000000704600000, 0x0000000704600000, 0x0000000704700000|  0%| F|  |TS  0|AC  0|TAMS 0x0000000704600000, 0x0000000704600000|
|  51|0x0000000704700000, 0x0000000704700000, 0x0000000704800000|  0%| F|  |TS  0|AC  0|TAMS 0x0000000704700000, 0x0000000704700000|
|  52|0x0000000704800000, 0x0000000704800000, 0x0000000704900000|  0%| F|  |TS  0|AC  0|TAMS 0x0000000704800000, 0x0000000704800000|
|  53|0x0000000704900000, 0x0000000704900000, 0x0000000704a00000|  0%| F|  |TS  0|AC  0|TAMS 0x0000000704900000, 0x0000000704900000|
|  54|0x0000000704a00000, 0x0000000704a00000, 0x0000000704b00000|  0%| F|  |TS  0|AC  0|TAMS 0x0000000704a00000, 0x0000000704a00000|
|  55|0x0000000704b00000, 0x0000000704b00000, 0x0000000704c00000|  0%| F|  |TS  0|AC  0|TAMS 0x0000000704b00000, 0x0000000704b00000|
|  56|0x0000000704c00000, 0x0000000704c00000, 0x0000000704d00000|  0%| F|  |TS  0|AC  0|TAMS 0x0000000704c00000, 0x0000000704c00000|
|  57|0x0000000704d00000, 0x0000000704d00000, 0x0000000704e00000|  0%| F|  |TS  0|AC  0|TAMS 0x0000000704d00000, 0x0000000704d00000|
|  58|0x0000000704e00000, 0x0000000704e00000, 0x0000000704f00000|  0%| F|  |TS  0|AC  0|TAMS 0x0000000704e00000, 0x0000000704e00000|
|  59|0x0000000704f00000, 0x0000000704f00000, 0x0000000705000000|  0%| F|  |TS  0|AC  0|TAMS 0x0000000704f00000, 0x0000000704f00000|
|  60|0x0000000705000000, 0x0000000705000000, 0x0000000705100000|  0%| F|  |TS  0|AC  0|TAMS 0x0000000705000000, 0x0000000705000000|
|  61|0x0000000705100000, 0x0000000705100000, 0x0000000705200000|  0%| F|  |TS  0|AC  0|TAMS 0x0000000705100000, 0x0000000705100000|
|  62|0x0000000705200000, 0x0000000705200000, 0x0000000705300000|  0%| F|  |TS  0|AC  0|TAMS 0x0000000705200000, 0x0000000705200000|
|  63|0x0000000705300000, 0x0000000705300000, 0x0000000705400000|  0%| F|  |TS  0|AC  0|TAMS 0x0000000705300000, 0x0000000705300000|
|  64|0x0000000705400000, 0x0000000705400000, 0x0000000705500000|  0%| F|  |TS  0|AC  0|TAMS 0x0000000705400000, 0x0000000705400000|
|  65|0x0000000705500000, 0x0000000705500000, 0x0000000705600000|  0%| F|  |TS  0|AC  0|TAMS 0x0000000705500000, 0x0000000705500000|
|  66|0x0000000705600000, 0x0000000705600000, 0x0000000705700000|  0%| F|  |TS  0|AC  0|TAMS 0x0000000705600000, 0x0000000705600000|
|  67|0x0000000705700000, 0x0000000705700000, 0x0000000705800000|  0%| F|  |TS  0|AC  0|TAMS 0x0000000705700000, 0x0000000705700000|
|  68|0x0000000705800000, 0x0000000705800000, 0x0000000705900000|  0%| F|  |TS  0|AC  0|TAMS 0x0000000705800000, 0x0000000705800000|
|  69|0x0000000705900000, 0x0000000705900000, 0x0000000705a00000|  0%| F|  |TS  0|AC  0|TAMS 0x0000000705900000, 0x0000000705900000|
|  70|0x0000000705a00000, 0x0000000705a00000, 0x0000000705b00000|  0%| F|  |TS  0|AC  0|TAMS 0x0000000705a00000, 0x0000000705a00000|
|  71|0x0000000705b00000, 0x0000000705b00000, 0x0000000705c00000|  0%| F|  |TS  0|AC  0|TAMS 0x0000000705b00000, 0x0000000705b00000|
|  72|0x0000000705c00000, 0x0000000705c00000, 0x0000000705d00000|  0%| F|  |TS  0|AC  0|TAMS 0x0000000705c00000, 0x0000000705c00000|
|  73|0x0000000705d00000, 0x0000000705d00000, 0x0000000705e00000|  0%| F|  |TS  0|AC  0|TAMS 0x0000000705d00000, 0x0000000705d00000|
|  74|0x0000000705e00000, 0x0000000705e00000, 0x0000000705f00000|  0%| F|  |TS  0|AC  0|TAMS 0x0000000705e00000, 0x0000000705e00000|
|  75|0x0000000705f00000, 0x0000000705f00000, 0x0000000706000000|  0%| F|  |TS  0|AC  0|TAMS 0x0000000705f00000, 0x0000000705f00000|
|  76|0x0000000706000000, 0x0000000706000000, 0x0000000706100000|  0%| F|  |TS  0|AC  0|TAMS 0x0000000706000000, 0x0000000706000000|
|  77|0x0000000706100000, 0x0000000706100000, 0x0000000706200000|  0%| F|  |TS  0|AC  0|TAMS 0x0000000706100000, 0x0000000706100000|
|  78|0x0000000706200000, 0x0000000706200000, 0x0000000706300000|  0%| F|  |TS  0|AC  0|TAMS 0x0000000706200000, 0x0000000706200000|
|  79|0x0000000706300000, 0x0000000706300000, 0x0000000706400000|  0%| F|  |TS  0|AC  0|TAMS 0x0000000706300000, 0x0000000706300000|
|  80|0x0000000706400000, 0x0000000706400000, 0x0000000706500000|  0%| F|  |TS  0|AC  0|TAMS 0x0000000706400000, 0x0000000706400000|
|  81|0x0000000706500000, 0x0000000706500000, 0x0000000706600000|  0%| F|  |TS  0|AC  0|TAMS 0x0000000706500000, 0x0000000706500000|
|  82|0x0000000706600000, 0x0000000706600000, 0x0000000706700000|  0%| F|  |TS  0|AC  0|TAMS 0x0000000706600000, 0x0000000706600000|
|  83|0x0000000706700000, 0x0000000706700000, 0x0000000706800000|  0%| F|  |TS  0|AC  0|TAMS 0x0000000706700000, 0x0000000706700000|
|  84|0x0000000706800000, 0x0000000706800000, 0x0000000706900000|  0%| F|  |TS  0|AC  0|TAMS 0x0000000706800000, 0x0000000706800000|
|  85|0x0000000706900000, 0x0000000706900000, 0x0000000706a00000|  0%| F|  |TS  0|AC  0|TAMS 0x0000000706900000, 0x0000000706900000|
|  86|0x0000000706a00000, 0x0000000706a00000, 0x0000000706b00000|  0%| F|  |TS  0|AC  0|TAMS 0x0000000706a00000, 0x0000000706a00000|
|  87|0x0000000706b00000, 0x0000000706b00000, 0x0000000706c00000|  0%| F|  |TS  0|AC  0|TAMS 0x0000000706b00000, 0x0000000706b00000|
|  88|0x0000000706c00000, 0x0000000706c00000, 0x0000000706d00000|  0%| F|  |TS  0|AC  0|TAMS 0x0000000706c00000, 0x0000000706c00000|
|  89|0x0000000706d00000, 0x0000000706d00000, 0x0000000706e00000|  0%| F|  |TS  0|AC  0|TAMS 0x0000000706d00000, 0x0000000706d00000|
|  90|0x0000000706e00000, 0x0000000706e00000, 0x0000000706f00000|  0%| F|  |TS  0|AC  0|TAMS 0x0000000706e00000, 0x0000000706e00000|
|  91|0x0000000706f00000, 0x0000000706f00000, 0x0000000707000000|  0%| F|  |TS  0|AC  0|TAMS 0x0000000706f00000, 0x0000000706f00000|
|  92|0x0000000707000000, 0x0000000707000000, 0x0000000707100000|  0%| F|  |TS  0|AC  0|TAMS 0x0000000707000000, 0x0000000707000000|
|  93|0x0000000707100000, 0x0000000707100000, 0x0000000707200000|  0%| F|  |TS  0|AC  0|TAMS 0x0000000707100000, 0x0000000707100000|
|  94|0x0000000707200000, 0x0000000707200000, 0x0000000707300000|  0%| F|  |TS  0|AC  0|TAMS 0x0000000707200000, 0x0000000707200000|
|  95|0x0000000707300000, 0x0000000707300000, 0x0000000707400000|  0%| F|  |TS  0|AC  0|TAMS 0x0000000707300000, 0x0000000707300000|
|  96|0x0000000707400000, 0x0000000707400000, 0x0000000707500000|  0%| F|  |TS  0|AC  0|TAMS 0x0000000707400000, 0x0000000707400000|
|  97|0x0000000707500000, 0x0000000707500000, 0x0000000707600000|  0%| F|  |TS  0|AC  0|TAMS 0x0000000707500000, 0x0000000707500000|
|  98|0x0000000707600000, 0x0000000707600000, 0x0000000707700000|  0%| F|  |TS  0|AC  0|TAMS 0x0000000707600000, 0x0000000707600000|
|  99|0x0000000707700000, 0x0000000707700000, 0x0000000707800000|  0%| F|  |TS  0|AC  0|TAMS 0x0000000707700000, 0x0000000707700000|
| 100|0x0000000707800000, 0x0000000707800000, 0x0000000707900000|  0%| F|  |TS  0|AC  0|TAMS 0x0000000707800000, 0x0000000707800000|
| 101|0x0000000707900000, 0x0000000707900000, 0x0000000707a00000|  0%| F|  |TS  0|AC  0|TAMS 0x0000000707900000, 0x0000000707900000|
| 102|0x0000000707a00000, 0x0000000707a00000, 0x0000000707b00000|  0%| F|  |TS  0|AC  0|TAMS 0x0000000707a00000, 0x0000000707a00000|
| 103|0x0000000707b00000, 0x0000000707b00000, 0x0000000707c00000|  0%| F|  |TS  0|AC  0|TAMS 0x0000000707b00000, 0x0000000707b00000|
| 104|0x0000000707c00000, 0x0000000707c00000, 0x0000000707d00000|  0%| F|  |TS  0|AC  0|TAMS 0x0000000707c00000, 0x0000000707c00000|
| 105|0x0000000707d00000, 0x0000000707d00000, 0x0000000707e00000|  0%| F|  |TS  0|AC  0|TAMS 0x0000000707d00000, 0x0000000707d00000|
| 106|0x0000000707e00000, 0x0000000707e00000, 0x0000000707f00000|  0%| F|  |TS  0|AC  0|TAMS 0x0000000707e00000, 0x0000000707e00000|
| 107|0x0000000707f00000, 0x0000000707f00000, 0x0000000708000000|  0%| F|  |TS  0|AC  0|TAMS 0x0000000707f00000, 0x0000000707f00000|
| 108|0x0000000708000000, 0x0000000708000000, 0x0000000708100000|  0%| F|  |TS  0|AC  0|TAMS 0x0000000708000000, 0x0000000708000000|
| 109|0x0000000708100000, 0x0000000708100000, 0x0000000708200000|  0%| F|  |TS  0|AC  0|TAMS 0x0000000708100000, 0x0000000708100000|
| 110|0x0000000708200000, 0x0000000708200000, 0x0000000708300000|  0%| F|  |TS  0|AC  0|TAMS 0x0000000708200000, 0x0000000708200000|
| 111|0x0000000708300000, 0x0000000708300000, 0x0000000708400000|  0%| F|  |TS  0|AC  0|TAMS 0x0000000708300000, 0x0000000708300000|
| 112|0x0000000708400000, 0x0000000708400000, 0x0000000708500000|  0%| F|  |TS  0|AC  0|TAMS 0x0000000708400000, 0x0000000708400000|
| 113|0x0000000708500000, 0x0000000708500000, 0x0000000708600000|  0%| F|  |TS  0|AC  0|TAMS 0x0000000708500000, 0x0000000708500000|
| 114|0x0000000708600000, 0x0000000708600000, 0x0000000708700000|  0%| F|  |TS  0|AC  0|TAMS 0x0000000708600000, 0x0000000708600000|
| 115|0x0000000708700000, 0x0000000708700000, 0x0000000708800000|  0%| F|  |TS  0|AC  0|TAMS 0x0000000708700000, 0x0000000708700000|
| 116|0x0000000708800000, 0x0000000708800000, 0x0000000708900000|  0%| F|  |TS  0|AC  0|TAMS 0x0000000708800000, 0x0000000708800000|
| 117|0x0000000708900000, 0x0000000708900000, 0x0000000708a00000|  0%| F|  |TS  0|AC  0|TAMS 0x0000000708900000, 0x0000000708900000|
| 118|0x0000000708a00000, 0x0000000708a00000, 0x0000000708b00000|  0%| F|  |TS  0|AC  0|TAMS 0x0000000708a00000, 0x0000000708a00000|
| 119|0x0000000708b00000, 0x0000000708b00000, 0x0000000708c00000|  0%| F|  |TS  0|AC  0|TAMS 0x0000000708b00000, 0x0000000708b00000|
| 120|0x0000000708c00000, 0x0000000708c00000, 0x0000000708d00000|  0%| F|  |TS  0|AC  0|TAMS 0x0000000708c00000, 0x0000000708c00000|
| 121|0x0000000708d00000, 0x0000000708d00000, 0x0000000708e00000|  0%| F|  |TS  0|AC  0|TAMS 0x0000000708d00000, 0x0000000708d00000|
| 122|0x0000000708e00000, 0x0000000708e00000, 0x0000000708f00000|  0%| F|  |TS  0|AC  0|TAMS 0x0000000708e00000, 0x0000000708e00000|
| 123|0x0000000708f00000, 0x0000000708f00000, 0x0000000709000000|  0%| F|  |TS  0|AC  0|TAMS 0x0000000708f00000, 0x0000000708f00000|
| 124|0x0000000709000000, 0x0000000709000000, 0x0000000709100000|  0%| F|  |TS  0|AC  0|TAMS 0x0000000709000000, 0x0000000709000000|
| 125|0x0000000709100000, 0x0000000709100000, 0x0000000709200000|  0%| F|  |TS  0|AC  0|TAMS 0x0000000709100000, 0x0000000709100000|
| 126|0x0000000709200000, 0x0000000709200000, 0x0000000709300000|  0%| F|  |TS  0|AC  0|TAMS 0x0000000709200000, 0x0000000709200000|
| 127|0x0000000709300000, 0x0000000709300000, 0x0000000709400000|  0%| F|  |TS  0|AC  0|TAMS 0x0000000709300000, 0x0000000709300000|
| 128|0x0000000709400000, 0x0000000709400000, 0x0000000709500000|  0%| F|  |TS  0|AC  0|TAMS 0x0000000709400000, 0x0000000709400000|
| 129|0x0000000709500000, 0x0000000709500000, 0x0000000709600000|  0%| F|  |TS  0|AC  0|TAMS 0x0000000709500000, 0x0000000709500000|
| 130|0x0000000709600000, 0x0000000709600000, 0x0000000709700000|  0%| F|  |TS  0|AC  0|TAMS 0x0000000709600000, 0x0000000709600000|
| 131|0x0000000709700000, 0x0000000709700000, 0x0000000709800000|  0%| F|  |TS  0|AC  0|TAMS 0x0000000709700000, 0x0000000709700000|
| 132|0x0000000709800000, 0x0000000709800000, 0x0000000709900000|  0%| F|  |TS  0|AC  0|TAMS 0x0000000709800000, 0x0000000709800000|
| 133|0x0000000709900000, 0x0000000709900000, 0x0000000709a00000|  0%| F|  |TS  0|AC  0|TAMS 0x0000000709900000, 0x0000000709900000|
| 134|0x0000000709a00000, 0x0000000709a00000, 0x0000000709b00000|  0%| F|  |TS  0|AC  0|TAMS 0x0000000709a00000, 0x0000000709a00000|
| 135|0x0000000709b00000, 0x0000000709b00000, 0x0000000709c00000|  0%| F|  |TS  0|AC  0|TAMS 0x0000000709b00000, 0x0000000709b00000|
| 136|0x0000000709c00000, 0x0000000709c00000, 0x0000000709d00000|  0%| F|  |TS  0|AC  0|TAMS 0x0000000709c00000, 0x0000000709c00000|
| 137|0x0000000709d00000, 0x0000000709d00000, 0x0000000709e00000|  0%| F|  |TS  0|AC  0|TAMS 0x0000000709d00000, 0x0000000709d00000|
| 138|0x0000000709e00000, 0x0000000709e00000, 0x0000000709f00000|  0%| F|  |TS  0|AC  0|TAMS 0x0000000709e00000, 0x0000000709e00000|
| 139|0x0000000709f00000, 0x0000000709f00000, 0x000000070a000000|  0%| F|  |TS  0|AC  0|TAMS 0x0000000709f00000, 0x0000000709f00000|
| 140|0x000000070a000000, 0x000000070a000000, 0x000000070a100000|  0%| F|  |TS  0|AC  0|TAMS 0x000000070a000000, 0x000000070a000000|
| 141|0x000000070a100000, 0x000000070a100000, 0x000000070a200000|  0%| F|  |TS  0|AC  0|TAMS 0x000000070a100000, 0x000000070a100000|
| 142|0x000000070a200000, 0x000000070a200000, 0x000000070a300000|  0%| F|  |TS  0|AC  0|TAMS 0x000000070a200000, 0x000000070a200000|
| 143|0x000000070a300000, 0x000000070a300000, 0x000000070a400000|  0%| F|  |TS  0|AC  0|TAMS 0x000000070a300000, 0x000000070a300000|
| 144|0x000000070a400000, 0x000000070a400000, 0x000000070a500000|  0%| F|  |TS  0|AC  0|TAMS 0x000000070a400000, 0x000000070a400000|
| 145|0x000000070a500000, 0x000000070a500000, 0x000000070a600000|  0%| F|  |TS  0|AC  0|TAMS 0x000000070a500000, 0x000000070a500000|
| 146|0x000000070a600000, 0x000000070a600000, 0x000000070a700000|  0%| F|  |TS  0|AC  0|TAMS 0x000000070a600000, 0x000000070a600000|
| 147|0x000000070a700000, 0x000000070a700000, 0x000000070a800000|  0%| F|  |TS  0|AC  0|TAMS 0x000000070a700000, 0x000000070a700000|
| 148|0x000000070a800000, 0x000000070a800000, 0x000000070a900000|  0%| F|  |TS  0|AC  0|TAMS 0x000000070a800000, 0x000000070a800000|
| 149|0x000000070a900000, 0x000000070a900000, 0x000000070aa00000|  0%| F|  |TS  0|AC  0|TAMS 0x000000070a900000, 0x000000070a900000|
| 150|0x000000070aa00000, 0x000000070aa00000, 0x000000070ab00000|  0%| F|  |TS  0|AC  0|TAMS 0x000000070aa00000, 0x000000070aa00000|
| 151|0x000000070ab00000, 0x000000070ab00000, 0x000000070ac00000|  0%| F|  |TS  0|AC  0|TAMS 0x000000070ab00000, 0x000000070ab00000|
| 152|0x000000070ac00000, 0x000000070ac00000, 0x000000070ad00000|  0%| F|  |TS  0|AC  0|TAMS 0x000000070ac00000, 0x000000070ac00000|
| 153|0x000000070ad00000, 0x000000070ad00000, 0x000000070ae00000|  0%| F|  |TS  0|AC  0|TAMS 0x000000070ad00000, 0x000000070ad00000|
| 154|0x000000070ae00000, 0x000000070ae00000, 0x000000070af00000|  0%| F|  |TS  0|AC  0|TAMS 0x000000070ae00000, 0x000000070ae00000|
| 155|0x000000070af00000, 0x000000070af00000, 0x000000070b000000|  0%| F|  |TS  0|AC  0|TAMS 0x000000070af00000, 0x000000070af00000|
| 156|0x000000070b000000, 0x000000070b000000, 0x000000070b100000|  0%| F|  |TS  0|AC  0|TAMS 0x000000070b000000, 0x000000070b000000|
| 157|0x000000070b100000, 0x000000070b100000, 0x000000070b200000|  0%| F|  |TS  0|AC  0|TAMS 0x000000070b100000, 0x000000070b100000|
| 158|0x000000070b200000, 0x000000070b200000, 0x000000070b300000|  0%| F|  |TS  0|AC  0|TAMS 0x000000070b200000, 0x000000070b200000|
| 159|0x000000070b300000, 0x000000070b300000, 0x000000070b400000|  0%| F|  |TS  0|AC  0|TAMS 0x000000070b300000, 0x000000070b300000|
| 160|0x000000070b400000, 0x000000070b400000, 0x000000070b500000|  0%| F|  |TS  0|AC  0|TAMS 0x000000070b400000, 0x000000070b400000|
| 161|0x000000070b500000, 0x000000070b500000, 0x000000070b600000|  0%| F|  |TS  0|AC  0|TAMS 0x000000070b500000, 0x000000070b500000|
| 162|0x000000070b600000, 0x000000070b600000, 0x000000070b700000|  0%| F|  |TS  0|AC  0|TAMS 0x000000070b600000, 0x000000070b600000|
| 163|0x000000070b700000, 0x000000070b700000, 0x000000070b800000|  0%| F|  |TS  0|AC  0|TAMS 0x000000070b700000, 0x000000070b700000|
| 164|0x000000070b800000, 0x000000070b800000, 0x000000070b900000|  0%| F|  |TS  0|AC  0|TAMS 0x000000070b800000, 0x000000070b800000|
| 165|0x000000070b900000, 0x000000070b900000, 0x000000070ba00000|  0%| F|  |TS  0|AC  0|TAMS 0x000000070b900000, 0x000000070b900000|
| 166|0x000000070ba00000, 0x000000070ba00000, 0x000000070bb00000|  0%| F|  |TS  0|AC  0|TAMS 0x000000070ba00000, 0x000000070ba00000|
| 167|0x000000070bb00000, 0x000000070bb00000, 0x000000070bc00000|  0%| F|  |TS  0|AC  0|TAMS 0x000000070bb00000, 0x000000070bb00000|
| 168|0x000000070bc00000, 0x000000070bc00000, 0x000000070bd00000|  0%| F|  |TS  0|AC  0|TAMS 0x000000070bc00000, 0x000000070bc00000|
| 169|0x000000070bd00000, 0x000000070bd00000, 0x000000070be00000|  0%| F|  |TS  0|AC  0|TAMS 0x000000070bd00000, 0x000000070bd00000|
| 170|0x000000070be00000, 0x000000070be00000, 0x000000070bf00000|  0%| F|  |TS  0|AC  0|TAMS 0x000000070be00000, 0x000000070be00000|
| 171|0x000000070bf00000, 0x000000070bf00000, 0x000000070c000000|  0%| F|  |TS  0|AC  0|TAMS 0x000000070bf00000, 0x000000070bf00000|
| 172|0x000000070c000000, 0x000000070c000000, 0x000000070c100000|  0%| F|  |TS  0|AC  0|TAMS 0x000000070c000000, 0x000000070c000000|
| 173|0x000000070c100000, 0x000000070c100000, 0x000000070c200000|  0%| F|  |TS  0|AC  0|TAMS 0x000000070c100000, 0x000000070c100000|
| 174|0x000000070c200000, 0x000000070c200000, 0x000000070c300000|  0%| F|  |TS  0|AC  0|TAMS 0x000000070c200000, 0x000000070c200000|
| 175|0x000000070c300000, 0x000000070c300000, 0x000000070c400000|  0%| F|  |TS  0|AC  0|TAMS 0x000000070c300000, 0x000000070c300000|
| 176|0x000000070c400000, 0x000000070c400000, 0x000000070c500000|  0%| F|  |TS  0|AC  0|TAMS 0x000000070c400000, 0x000000070c400000|
| 177|0x000000070c500000, 0x000000070c500000, 0x000000070c600000|  0%| F|  |TS  0|AC  0|TAMS 0x000000070c500000, 0x000000070c500000|
| 178|0x000000070c600000, 0x000000070c600000, 0x000000070c700000|  0%| F|  |TS  0|AC  0|TAMS 0x000000070c600000, 0x000000070c600000|
| 179|0x000000070c700000, 0x000000070c700000, 0x000000070c800000|  0%| F|  |TS  0|AC  0|TAMS 0x000000070c700000, 0x000000070c700000|
| 180|0x000000070c800000, 0x000000070c800000, 0x000000070c900000|  0%| F|  |TS  0|AC  0|TAMS 0x000000070c800000, 0x000000070c800000|
| 181|0x000000070c900000, 0x000000070c900000, 0x000000070ca00000|  0%| F|  |TS  0|AC  0|TAMS 0x000000070c900000, 0x000000070c900000|
| 182|0x000000070ca00000, 0x000000070ca00000, 0x000000070cb00000|  0%| F|  |TS  0|AC  0|TAMS 0x000000070ca00000, 0x000000070ca00000|
| 183|0x000000070cb00000, 0x000000070cb00000, 0x000000070cc00000|  0%| F|  |TS  0|AC  0|TAMS 0x000000070cb00000, 0x000000070cb00000|
| 184|0x000000070cc00000, 0x000000070cc00000, 0x000000070cd00000|  0%| F|  |TS  0|AC  0|TAMS 0x000000070cc00000, 0x000000070cc00000|
| 185|0x000000070cd00000, 0x000000070cd00000, 0x000000070ce00000|  0%| F|  |TS  0|AC  0|TAMS 0x000000070cd00000, 0x000000070cd00000|
| 186|0x000000070ce00000, 0x000000070ce486a0, 0x000000070cf00000| 28%| E|  |TS  0|AC  0|TAMS 0x000000070ce00000, 0x000000070ce00000|
| 187|0x000000070cf00000, 0x000000070d000000, 0x000000070d000000|100%| E|CS|TS  0|AC  0|TAMS 0x000000070cf00000, 0x000000070cf00000|
| 188|0x000000070d000000, 0x000000070d100000, 0x000000070d100000|100%| E|CS|TS  0|AC  0|TAMS 0x000000070d000000, 0x000000070d000000|
| 189|0x000000070d100000, 0x000000070d200000, 0x000000070d200000|100%| E|CS|TS  0|AC  0|TAMS 0x000000070d100000, 0x000000070d100000|
| 190|0x000000070d200000, 0x000000070d300000, 0x000000070d300000|100%| E|CS|TS  0|AC  0|TAMS 0x000000070d200000, 0x000000070d200000|
| 191|0x000000070d300000, 0x000000070d400000, 0x000000070d400000|100%| E|CS|TS  0|AC  0|TAMS 0x000000070d300000, 0x000000070d300000|

Card table byte_map: [0x000001b4fb940000,0x000001b4fbf40000] byte_map_base: 0x000001b4f8136000

Marking Bits (Prev, Next): (CMBitMap*) 0x000001b4f1e77e90, (CMBitMap*) 0x000001b4f1e77ec8
 Prev Bits: [0x000001b4fc540000, 0x000001b4ff4f0000)
 Next Bits: [0x000001b48f000000, 0x000001b491fb0000)

Polling page: 0x000001b4f1c40000

CodeHeap 'non-profiled nmethods': size=120064Kb used=135Kb max_used=135Kb free=119928Kb
 bounds [0x000001b487ac0000, 0x000001b487d30000, 0x000001b48f000000]
CodeHeap 'profiled nmethods': size=120000Kb used=649Kb max_used=649Kb free=119350Kb
 bounds [0x000001b480590000, 0x000001b480800000, 0x000001b487ac0000]
CodeHeap 'non-nmethods': size=5696Kb used=1141Kb max_used=1156Kb free=4554Kb
 bounds [0x000001b480000000, 0x000001b480270000, 0x000001b480590000]
 total_blobs=915 nmethods=448 adapters=270
 compilation: enabled

Compilation events (10 events):
Event: 1154.894 Thread 0x000001b4ffcae800  445       3       org.eclipse.jdt.launching.internal.org.objectweb.asm.Label::addLineNumber (89 bytes)
Event: 1154.896 Thread 0x000001b4ffcae800 nmethod 445 0x000001b48062ff90 code [0x000001b480630180, 0x000001b4806306f0]
Event: 1154.896 Thread 0x000001b4ffcae800  446       3       org.eclipse.jdt.launching.internal.org.objectweb.asm.MethodWriter::visitLineNumber (50 bytes)
Event: 1154.897 Thread 0x000001b4ffcae800 nmethod 446 0x000001b480630890 code [0x000001b480630a80, 0x000001b480630fa0]
Event: 1237.589 Thread 0x000001b4ffcae800  447       3       org.eclipse.jdt.launching.internal.org.objectweb.asm.MethodWriter::visitMethodInsn (191 bytes)
Event: 1237.592 Thread 0x000001b4ffcae800 nmethod 447 0x000001b480631190 code [0x000001b4806313e0, 0x000001b480631d50]
Event: 1237.592 Thread 0x000001b4ffcac800  449       4       java.lang.StringUTF16::compress (50 bytes)
Event: 1237.592 Thread 0x000001b4ffcae800  448       3       org.eclipse.jdt.launching.internal.org.objectweb.asm.SymbolTable::addConstantMethodref (24 bytes)
Event: 1237.593 Thread 0x000001b4ffcae800 nmethod 448 0x000001b480632110 code [0x000001b4806322e0, 0x000001b480632510]
Event: 1237.627 Thread 0x000001b4ffcac800 nmethod 449 0x000001b487ae1790 code [0x000001b487ae1920, 0x000001b487ae1df8]

GC Heap History (0 events):
No events

Deoptimization events (2 events):
Event: 0.772 Thread 0x000001b4f1db7000 Uncommon trap: reason=unstable_if action=reinterpret pc=0x000001b487ac5314 method=java.lang.String.hashCode()I @ 14 c2
Event: 1.237 Thread 0x000001b4f1db7000 Uncommon trap: reason=unstable_if action=reinterpret pc=0x000001b487ad1efc method=java.lang.String.isLatin1()Z @ 10 c2

Classes redefined (2 events):
Event: 1154.923 Thread 0x000001b4ffc2b000 redefined class name=assignment_4.Program, count=1
Event: 1237.603 Thread 0x000001b4ffc2b000 redefined class name=assignment_4.Program, count=2

Internal exceptions (0 events):
No events

Events (10 events):
Event: 1237.638 Executing VM operation: GetCurrentContendedMonitor done
Event: 1237.638 Executing VM operation: GetOwnedMonitorInfo
Event: 1237.638 Executing VM operation: GetOwnedMonitorInfo done
Event: 1237.639 Executing VM operation: GetCurrentContendedMonitor
Event: 1237.639 Executing VM operation: GetCurrentContendedMonitor done
Event: 1237.641 Executing VM operation: GetCurrentContendedMonitor
Event: 1237.641 Executing VM operation: GetCurrentContendedMonitor done
Event: 1237.641 Executing VM operation: GetOwnedMonitorInfo
Event: 1237.642 Executing VM operation: GetOwnedMonitorInfo done
Event: 1238.352 Executing VM operation: GetOrSetLocal


Dynamic libraries:
0x00007ff70f860000 - 0x00007ff70f89e000 	C:\Program Files\Java\jre-10.0.2\bin\javaw.exe
0x00007ffcd2960000 - 0x00007ffcd2b41000 	C:\Windows\SYSTEM32\ntdll.dll
0x00007ffcd0900000 - 0x00007ffcd09b2000 	C:\Windows\System32\KERNEL32.DLL
0x00007ffccf270000 - 0x00007ffccf4e3000 	C:\Windows\System32\KERNELBASE.dll
0x00007ffccfe70000 - 0x00007ffccff11000 	C:\Windows\System32\ADVAPI32.dll
0x00007ffcd22a0000 - 0x00007ffcd233e000 	C:\Windows\System32\msvcrt.dll
0x00007ffcd0c20000 - 0x00007ffcd0c7b000 	C:\Windows\System32\sechost.dll
0x00007ffcd07d0000 - 0x00007ffcd08f4000 	C:\Windows\System32\RPCRT4.dll
0x00007ffcd02e0000 - 0x00007ffcd0470000 	C:\Windows\System32\USER32.dll
0x00007ffccf540000 - 0x00007ffccf560000 	C:\Windows\System32\win32u.dll
0x00007ffcd0280000 - 0x00007ffcd02a8000 	C:\Windows\System32\GDI32.dll
0x00007ffccf030000 - 0x00007ffccf1c2000 	C:\Windows\System32\gdi32full.dll
0x00007ffccf1d0000 - 0x00007ffccf26f000 	C:\Windows\System32\msvcp_win.dll
0x00007ffccf560000 - 0x00007ffccf65a000 	C:\Windows\System32\ucrtbase.dll
0x00007ffcb9540000 - 0x00007ffcb97a9000 	C:\Windows\WinSxS\amd64_microsoft.windows.common-controls_6595b64144ccf1df_6.0.17134.345_none_fb429a5930656358\COMCTL32.dll
0x00007ffcc04c0000 - 0x00007ffcc04ca000 	C:\Windows\SYSTEM32\VERSION.dll
0x00007ffccff20000 - 0x00007ffcd0243000 	C:\Windows\System32\combase.dll
0x00007ffccfd70000 - 0x00007ffccfdea000 	C:\Windows\System32\bcryptPrimitives.dll
0x00007ffcd02b0000 - 0x00007ffcd02dd000 	C:\Windows\System32\IMM32.DLL
0x00007ffca2f30000 - 0x00007ffca301f000 	C:\Program Files\Java\jre-10.0.2\bin\msvcr120.dll
0x00007ffca3d40000 - 0x00007ffca3de6000 	C:\Program Files\Java\jre-10.0.2\bin\msvcp120.dll
0x0000000053ce0000 - 0x0000000054750000 	C:\Program Files\Java\jre-10.0.2\bin\server\jvm.dll
0x00007ffcd0250000 - 0x00007ffcd0258000 	C:\Windows\System32\PSAPI.DLL
0x00007ffcbda80000 - 0x00007ffcbda89000 	C:\Windows\SYSTEM32\WSOCK32.dll
0x00007ffcd0a20000 - 0x00007ffcd0a8c000 	C:\Windows\System32\WS2_32.dll
0x00007ffcccee0000 - 0x00007ffcccf03000 	C:\Windows\SYSTEM32\WINMM.dll
0x00007ffccceb0000 - 0x00007ffccceda000 	C:\Windows\SYSTEM32\WINMMBASE.dll
0x00007ffccf4f0000 - 0x00007ffccf539000 	C:\Windows\System32\cfgmgr32.dll
0x00007ffcc8df0000 - 0x00007ffcc8dff000 	C:\Program Files\Java\jre-10.0.2\bin\verify.dll
0x00007ffcb9a40000 - 0x00007ffcb9c09000 	C:\Windows\SYSTEM32\DBGHELP.DLL
0x00007ffcbc4f0000 - 0x00007ffcbc519000 	C:\Windows\SYSTEM32\dbgcore.DLL
0x00007ffcc2b20000 - 0x00007ffcc2b47000 	C:\Program Files\Java\jre-10.0.2\bin\java.dll
0x00007ffcb0620000 - 0x00007ffcb0656000 	C:\Program Files\Java\jre-10.0.2\bin\jdwp.dll
0x00007ffca66e0000 - 0x00007ffca670a000 	C:\Program Files\Java\jre-10.0.2\bin\instrument.dll
0x00007ffcc7450000 - 0x00007ffcc7466000 	C:\Program Files\Java\jre-10.0.2\bin\zip.dll
0x00007ffcc8de0000 - 0x00007ffcc8dea000 	C:\Program Files\Java\jre-10.0.2\bin\jimage.dll
0x00007ffcd0db0000 - 0x00007ffcd21ef000 	C:\Windows\System32\SHELL32.dll
0x00007ffcd06c0000 - 0x00007ffcd0769000 	C:\Windows\System32\shcore.dll
0x00007ffccf660000 - 0x00007ffccfd6d000 	C:\Windows\System32\windows.storage.dll
0x00007ffcd0d50000 - 0x00007ffcd0da1000 	C:\Windows\System32\shlwapi.dll
0x00007ffcced10000 - 0x00007ffcced21000 	C:\Windows\System32\kernel.appcore.dll
0x00007ffccecd0000 - 0x00007ffccecef000 	C:\Windows\System32\profapi.dll
0x00007ffccec80000 - 0x00007ffcceccc000 	C:\Windows\System32\powrprof.dll
0x00007ffccec70000 - 0x00007ffccec7a000 	C:\Windows\System32\FLTLIB.DLL
0x00007ffcc7440000 - 0x00007ffcc744a000 	C:\Program Files\Java\jre-10.0.2\bin\dt_socket.dll
0x00007ffcce490000 - 0x00007ffcce4f6000 	C:\Windows\System32\mswsock.dll
0x00007ffcce250000 - 0x00007ffcce30e000 	C:\Windows\SYSTEM32\DNSAPI.dll
0x00007ffcd0c10000 - 0x00007ffcd0c18000 	C:\Windows\System32\NSI.dll
0x00007ffcce210000 - 0x00007ffcce248000 	C:\Windows\SYSTEM32\IPHLPAPI.DLL
0x0000000054ee0000 - 0x0000000054f06000 	C:\Program Files\Bonjour\mdnsNSP.dll
0x00007ffcc0bb0000 - 0x00007ffcc0c22000 	C:\Windows\System32\fwpuclnt.dll
0x00007ffcce770000 - 0x00007ffcce795000 	C:\Windows\SYSTEM32\bcrypt.dll
0x00007ffcc0ac0000 - 0x00007ffcc0aca000 	C:\Windows\System32\rasadhlp.dll
0x00007ffcb9100000 - 0x00007ffcb911a000 	C:\Program Files\Java\jre-10.0.2\bin\net.dll
0x00007ffcc63f0000 - 0x00007ffcc64cc000 	C:\Windows\SYSTEM32\WINHTTP.dll
0x00007ffcb90e0000 - 0x00007ffcb90f1000 	C:\Program Files\Java\jre-10.0.2\bin\nio.dll

dbghelp: loaded successfully - version: 4.0.5 - missing functions: none
symbol engine: initialized successfully - sym options: 0x614 - pdb path: .;C:\Program Files\Java\jre-10.0.2\bin;C:\Windows\SYSTEM32;C:\Windows\WinSxS\amd64_microsoft.windows.common-controls_6595b64144ccf1df_6.0.17134.345_none_fb429a5930656358;C:\Program Files\Java\jre-10.0.2\bin\server;C:\Program Files\Bonjour

VM Arguments:
jvm_args: -agentlib:jdwp=transport=dt_socket,suspend=y,address=localhost:58589 -javaagent:C:\Users\ISHUHOME\java-2018-092\eclipse\configuration\org.eclipse.osgi\237\0\.cp\lib\javaagent-shaded.jar -Dfile.encoding=Cp1252 
java_command: assignment_4.Program
java_class_path (initial): C:\Users\ISHUHOME\IdeaProjects\DSMasterProj\DataStructuresWork\assignment_4\bin;C:\Users\ISHUHOME\IdeaProjects\DSMasterProj\DataStructuresWork\assignment_4\lib\sourcecode.jar
Launcher Type: SUN_STANDARD

Logging:
Log output configuration:
#0: stdout all=warning uptime,level,tags
#1: stderr all=off uptime,level,tags

Environment Variables:
JAVA_HOME=C:\Program Files\Java\jdk-10.0.2
CLASSPATH=.;C:\Program Files\Java\jdk-10.0.2\lib\dt.jar;C:\Program Files\Java\jdk-10.0.2\lib\tools.jar;
PATH=C:/Program Files/Java/jre-10.0.2/bin/server;C:/Program Files/Java/jre-10.0.2/bin;C:\Program Files\Docker\Docker\Resources\bin;C:\Users\ISHUHOME\Anaconda3;C:\Program Files\Java\jre-10.0.2\bin;C:\Program Files\Java\jdk-10.0.2\bin;C:\Program Files (x86)\Common Files\Oracle\Java\javapath;C:\Windows\system32;C:\Windows;C:\Windows\System32\Wbem;C:\Windows\System32\WindowsPowerShell\v1.0\;C:\Windows\System32\OpenSSH\;C:\Program Files (x86)\PharosSystems\Core;C:\Program Files\Git\cmd;C:\Users\ISHUHOME\Anaconda3\Scripts\;C:\Program Files\Calibre2\;C:\Users\ISHUHOME\AppData\Local\Microsoft\WindowsApps;C:\Users\ISHUHOME\AppData\Local\Programs\Microsoft VS Code\bin;C:\Users\ISHUHOME\AppData\Local\atom\bin;C:\Users\ISHUHOME\Desktop;
USERNAME=ISHUHOME
OS=Windows_NT
PROCESSOR_IDENTIFIER=Intel64 Family 6 Model 60 Stepping 3, GenuineIntel



---------------  S Y S T E M  ---------------

OS: Windows 10 , 64 bit Build 17134 (10.0.17134.1)

CPU:total 4 (initial active 4) (2 cores per cpu, 2 threads per core) family 6 model 60 stepping 3, cmov, cx8, fxsr, mmx, sse, sse2, sse3, ssse3, sse4.1, sse4.2, popcnt, avx, avx2, aes, clmul, erms, lzcnt, ht, tsc, tscinvbit, bmi1, bmi2, fma

Memory: 4k page, physical 12497260k(7020384k free), swap 14397804k(7338072k free)

vm_info: Java HotSpot(TM) 64-Bit Server VM (10.0.2+13) for windows-amd64 JRE (10.0.2+13), built on Jun 28 2018 01:57:56 by "mach5one" with MS VC++ 12.0 (VS2013)

END.
